This is XeTeX, Version 3.14159265-2.6-0.99996 (MiKTeX 2.9 64-bit) (preloaded format=xelatex 2016.7.5)  18 APR 2017 00:01
entering extended mode
**./cira_revised.tex
(cira_revised.tex
LaTeX2e <2016/03/31>
Babel <3.9r> and hyphenation patterns for 75 language(s) loaded.
("C:\Program Files\MiKTeX 2.9\tex\latex\base\article.cls"
Document Class: article 2014/09/29 v1.4h Standard LaTeX document class
("C:\Program Files\MiKTeX 2.9\tex\latex\base\size10.clo"
File: size10.clo 2014/09/29 v1.4h Standard LaTeX file (size option)
)
\c@part=\count79
\c@section=\count80
\c@subsection=\count81
\c@subsubsection=\count82
\c@paragraph=\count83
\c@subparagraph=\count84
\c@figure=\count85
\c@table=\count86
\abovecaptionskip=\skip41
\belowcaptionskip=\skip42
\bibindent=\dimen102
)
("C:\Program Files\MiKTeX 2.9\tex\latex\geometry\geometry.sty"
Package: geometry 2010/09/12 v5.6 Page Geometry

("C:\Program Files\MiKTeX 2.9\tex\latex\graphics\keyval.sty"
Package: keyval 2014/10/28 v1.15 key=value parser (DPC)
\KV@toks@=\toks14
)
("C:\Program Files\MiKTeX 2.9\tex\generic\oberdiek\ifpdf.sty"
Package: ifpdf 2016/05/14 v3.1 Provides the ifpdf switch
)
("C:\Program Files\MiKTeX 2.9\tex\generic\oberdiek\ifvtex.sty"
Package: ifvtex 2016/05/16 v1.6 Detect VTeX and its facilities (HO)
Package ifvtex Info: VTeX not detected.
)
("C:\Program Files\MiKTeX 2.9\tex\generic\ifxetex\ifxetex.sty"
Package: ifxetex 2010/09/12 v0.6 Provides ifxetex conditional
)
\Gm@cnth=\count87
\Gm@cntv=\count88
\c@Gm@tempcnt=\count89
\Gm@bindingoffset=\dimen103
\Gm@wd@mp=\dimen104
\Gm@odd@mp=\dimen105
\Gm@even@mp=\dimen106
\Gm@layoutwidth=\dimen107
\Gm@layoutheight=\dimen108
\Gm@layouthoffset=\dimen109
\Gm@layoutvoffset=\dimen110
\Gm@dimlist=\toks15

("C:\Program Files\MiKTeX 2.9\tex\xelatex\xetexconfig\geometry.cfg"))
("C:\Program Files\MiKTeX 2.9\tex\latex\polyglossia\polyglossia.sty"
Package: polyglossia 2015/03/25 v1.42.4 Alternative to Babel for XeLaTeX and Lu
aLaTeX

("C:\Program Files\MiKTeX 2.9\tex\latex\etoolbox\etoolbox.sty"
Package: etoolbox 2015/08/02 v2.2a e-TeX tools for LaTeX (JAW)
\etb@tempcnta=\count90
)
("C:\Program Files\MiKTeX 2.9\tex\latex\makecmds\makecmds.sty"
Package: makecmds 2009/09/03 v1.0a extra command making commands
)
("C:\Program Files\MiKTeX 2.9\tex\latex\xkeyval\xkeyval.sty"
Package: xkeyval 2014/12/03 v2.7a package option processing (HA)

("C:\Program Files\MiKTeX 2.9\tex\generic\xkeyval\xkeyval.tex"
("C:\Program Files\MiKTeX 2.9\tex\generic\xkeyval\xkvutils.tex"
\XKV@toks=\toks16
\XKV@tempa@toks=\toks17
)
\XKV@depth=\count91
File: xkeyval.tex 2014/12/03 v2.7a key=value parser (HA)
))
("C:\Program Files\MiKTeX 2.9\tex\latex\fontspec\fontspec.sty"
("C:\Program Files\MiKTeX 2.9\tex\latex\l3kernel\expl3.sty"
Package: expl3 2016/05/18 v6512 L3 programming layer (loader) 

("C:\Program Files\MiKTeX 2.9\tex\latex\l3kernel\expl3-code.tex"
Package: expl3 2016/05/18 v6512 L3 programming layer (code)
L3 Module: l3bootstrap 2016/02/12 v6412 L3 Bootstrap code
L3 Module: l3names 2016/03/11 v6433 L3 Namespace for primitives
L3 Module: l3basics 2015/11/22 v6315 L3 Basic definitions
L3 Module: l3expan 2015/09/10 v5983 L3 Argument expansion
L3 Module: l3tl 2016/03/26 v6465 L3 Token lists
L3 Module: l3str 2016/03/24 v6441 L3 Strings
L3 Module: l3seq 2015/08/05 v5777 L3 Sequences and stacks
L3 Module: l3int 2016/03/24 v6441 L3 Integers
\c_max_int=\count92
\l_tmpa_int=\count93
\l_tmpb_int=\count94
\g_tmpa_int=\count95
\g_tmpb_int=\count96
L3 Module: l3quark 2015/08/17 v5855 L3 Quarks
L3 Module: l3prg 2015/11/01 v6216 L3 Control structures
\g__prg_map_int=\count97
L3 Module: l3clist 2015/09/02 v5901 L3 Comma separated lists
L3 Module: l3token 2016/04/03 v6470 L3 Experimental token manipulation
L3 Module: l3prop 2016/01/05 v6366 L3 Property lists
L3 Module: l3msg 2016/03/26 v6464 L3 Messages
L3 Module: l3file 2016/03/25 v6458 L3 File and I/O operations
\l_iow_line_count_int=\count98
\l__iow_target_count_int=\count99
\l__iow_current_line_int=\count100
\l__iow_current_word_int=\count101
\l__iow_current_indentation_int=\count102
L3 Module: l3skip 2016/01/05 v6366 L3 Dimensions and skips
\c_zero_dim=\dimen111
\c_max_dim=\dimen112
\l_tmpa_dim=\dimen113
\l_tmpb_dim=\dimen114
\g_tmpa_dim=\dimen115
\g_tmpb_dim=\dimen116
\c_zero_skip=\skip43
\c_max_skip=\skip44
\l_tmpa_skip=\skip45
\l_tmpb_skip=\skip46
\g_tmpa_skip=\skip47
\g_tmpb_skip=\skip48
\c_zero_muskip=\muskip10
\c_max_muskip=\muskip11
\l_tmpa_muskip=\muskip12
\l_tmpb_muskip=\muskip13
\g_tmpa_muskip=\muskip14
\g_tmpb_muskip=\muskip15
L3 Module: l3keys 2015/11/17 v6284 L3 Key-value interfaces
\g__keyval_level_int=\count103
\l_keys_choice_int=\count104
L3 Module: l3fp 2016/03/26 v6465 L3 Floating points
\c__fp_leading_shift_int=\count105
\c__fp_middle_shift_int=\count106
\c__fp_trailing_shift_int=\count107
\c__fp_big_leading_shift_int=\count108
\c__fp_big_middle_shift_int=\count109
\c__fp_big_trailing_shift_int=\count110
\c__fp_Bigg_leading_shift_int=\count111
\c__fp_Bigg_middle_shift_int=\count112
\c__fp_Bigg_trailing_shift_int=\count113
L3 Module: l3box 2015/08/09 v5822 L3 Experimental boxes
\c_empty_box=\box26
\l_tmpa_box=\box27
\l_tmpb_box=\box28
\g_tmpa_box=\box29
\g_tmpb_box=\box30
L3 Module: l3coffins 2016/05/17 v6508 L3 Coffin code layer
\l__coffin_internal_box=\box31
\l__coffin_internal_dim=\dimen117
\l__coffin_offset_x_dim=\dimen118
\l__coffin_offset_y_dim=\dimen119
\l__coffin_x_dim=\dimen120
\l__coffin_y_dim=\dimen121
\l__coffin_x_prime_dim=\dimen122
\l__coffin_y_prime_dim=\dimen123
\c_empty_coffin=\box32
\l__coffin_aligned_coffin=\box33
\l__coffin_aligned_internal_coffin=\box34
\l_tmpa_coffin=\box35
\l_tmpb_coffin=\box36
\l__coffin_display_coffin=\box37
\l__coffin_display_coord_coffin=\box38
\l__coffin_display_pole_coffin=\box39
\l__coffin_display_offset_dim=\dimen124
\l__coffin_display_x_dim=\dimen125
\l__coffin_display_y_dim=\dimen126
L3 Module: l3color 2014/08/23 v5354 L3 Experimental color support
L3 Module: l3sys 2015/09/25 v6087 L3 Experimental system/runtime functions
L3 Module: l3candidates 2016/05/13 v6484 L3 Experimental additions to l3kernel
\l__box_top_dim=\dimen127
\l__box_bottom_dim=\dimen128
\l__box_left_dim=\dimen129
\l__box_right_dim=\dimen130
\l__box_top_new_dim=\dimen131
\l__box_bottom_new_dim=\dimen132
\l__box_left_new_dim=\dimen133
\l__box_right_new_dim=\dimen134
\l__box_internal_box=\box40
\l__coffin_bounding_shift_dim=\dimen135
\l__coffin_left_corner_dim=\dimen136
\l__coffin_right_corner_dim=\dimen137
\l__coffin_bottom_corner_dim=\dimen138
\l__coffin_top_corner_dim=\dimen139
\l__coffin_scaled_total_height_dim=\dimen140
\l__coffin_scaled_width_dim=\dimen141
L3 Module: l3luatex 2016/03/26 v6465 L3 Experimental LuaTeX-specific functions
)
("C:\Program Files\MiKTeX 2.9\tex\latex\l3kernel\l3xdvipdfmx.def"
File: l3xdvidpfmx.def 2016/03/26 v6465 L3 Experimental driver: xdvipdfmx
\l__driver_tmp_box=\box41
))
("C:\Program Files\MiKTeX 2.9\tex\latex\l3packages\xparse\xparse.sty"
Package: xparse 2016/05/18 v6512 L3 Experimental document command parser
\l__xparse_current_arg_int=\count114
\l__xparse_m_args_int=\count115
\l__xparse_mandatory_args_int=\count116
\l__xparse_processor_int=\count117
\l__xparse_v_nesting_int=\count118
)
Package: fontspec 2016/02/01 v2.5a Font selection for XeLaTeX and LuaLaTeX

("C:\Program Files\MiKTeX 2.9\tex\latex\fontspec\fontspec-xetex.sty"
Package: fontspec-xetex 2016/02/01 v2.5a Font selection for XeLaTeX and LuaLaTe
X
\l_fontspec_script_int=\count119
\l_fontspec_language_int=\count120
\l_fontspec_strnum_int=\count121
\l__fontspec_tmpa_dim=\dimen142
\l__fontspec_tmpb_dim=\dimen143
\l__fontspec_tmpc_dim=\dimen144
\g__file_internal_ior=\read1

("C:\Program Files\MiKTeX 2.9\tex\latex\base\fontenc.sty"
Package: fontenc 2005/09/27 v1.99g Standard LaTeX package

("C:\Program Files\MiKTeX 2.9\tex\latex\euenc\eu1enc.def"
File: eu1enc.def 2010/05/27 v0.1h Experimental Unicode font encodings
)
LaTeX Font Info:    Try loading font information for EU1+lmr on input line 105.


("C:\Program Files\MiKTeX 2.9\tex\latex\euenc\eu1lmr.fd"
File: eu1lmr.fd 2009/10/30 v1.6 Font defs for Latin Modern
))
("C:\Program Files\MiKTeX 2.9\tex\xelatex\xunicode\xunicode.sty"
File: xunicode.sty 2011/09/09 v0.981 provides access to latin accents and many 
other characters in Unicode lower plane

("C:\Program Files\MiKTeX 2.9\tex\latex\tipa\t3enc.def"
File: t3enc.def 2001/12/31 T3 encoding
LaTeX Font Info:    Try loading font information for EU1+lmss on input line 357
.

("C:\Program Files\MiKTeX 2.9\tex\latex\euenc\eu1lmss.fd"
File: eu1lmss.fd 2009/10/30 v1.6 Font defs for Latin Modern
))
\tipaTiiicode=\count122
\tipasavetokens=\toks18
\tipachecktokens=\toks19

("C:\Program Files\MiKTeX 2.9\tex\latex\graphics\graphicx.sty"
Package: graphicx 2014/10/28 v1.0g Enhanced LaTeX Graphics (DPC,SPQR)

("C:\Program Files\MiKTeX 2.9\tex\latex\graphics\graphics.sty"
Package: graphics 2016/05/09 v1.0r Standard LaTeX Graphics (DPC,SPQR)

("C:\Program Files\MiKTeX 2.9\tex\latex\graphics\trig.sty"
Package: trig 2016/01/03 v1.10 sin cos tan (DPC)
)
("C:\Program Files\MiKTeX 2.9\tex\latex\00miktex\graphics.cfg"
File: graphics.cfg 2016/01/02 v1.10 sample graphics configuration
)
Package graphics Info: Driver file: xetex.def on input line 96.

("C:\Program Files\MiKTeX 2.9\tex\xelatex\xetex-def\xetex.def"
File: xetex.def 2016/04/06 v4.08 LaTeX color/graphics driver for XeTeX (TeX Liv
e/RRM/JK)

("C:\Program Files\MiKTeX 2.9\tex\generic\oberdiek\infwarerr.sty"
Package: infwarerr 2016/05/16 v1.4 Providing info/warning/error messages (HO)
)
("C:\Program Files\MiKTeX 2.9\tex\generic\oberdiek\ltxcmds.sty"
Package: ltxcmds 2016/05/16 v1.23 LaTeX kernel commands for general use (HO)
)))
\Gin@req@height=\dimen145
\Gin@req@width=\dimen146
))
.................................................
. LaTeX info: "xparse/define-command"
. 
. Defining command \__fontspec_post_arg:w with sig. 'mmO{}' on line 353.
.................................................
.................................................
. LaTeX info: "xparse/define-command"
. 
. Defining command \fontspec with sig. 'om' on line 355.
.................................................
.................................................
. LaTeX info: "xparse/define-command"
. 
. Defining command \setmainfont with sig. 'om' on line 365.
.................................................
.................................................
. LaTeX info: "xparse/define-command"
. 
. Defining command \setsansfont with sig. 'om' on line 375.
.................................................
.................................................
. LaTeX info: "xparse/define-command"
. 
. Defining command \setmonofont with sig. 'om' on line 385.
.................................................
.................................................
. LaTeX info: "xparse/define-command"
. 
. Defining command \setmathrm with sig. 'om' on line 399.
.................................................
.................................................
. LaTeX info: "xparse/define-command"
. 
. Defining command \setboldmathrm with sig. 'om' on line 407.
.................................................
.................................................
. LaTeX info: "xparse/define-command"
. 
. Defining command \setmathsf with sig. 'om' on line 415.
.................................................
.................................................
. LaTeX info: "xparse/define-command"
. 
. Defining command \setmathtt with sig. 'om' on line 423.
.................................................
.................................................
. LaTeX info: "xparse/define-command"
. 
. Defining command \newfontfamily with sig. 'mom' on line 437.
.................................................
.................................................
. LaTeX info: "xparse/define-command"
. 
. Defining command \newfontface with sig. 'mom' on line 453.
.................................................
.................................................
. LaTeX info: "xparse/define-command"
. 
. Defining command \defaultfontfeatures with sig. 't+om' on line 467.
.................................................
.................................................
. LaTeX info: "xparse/define-command"
. 
. Defining command \addfontfeatures with sig. 'm' on line 529.
.................................................
.................................................
. LaTeX info: "xparse/define-command"
. 
. Defining command \newfontfeature with sig. 'mm' on line 540.
.................................................
.................................................
. LaTeX info: "xparse/define-command"
. 
. Defining command \newAATfeature with sig. 'mmmm' on line 548.
.................................................
.................................................
. LaTeX info: "xparse/define-command"
. 
. Defining command \newopentypefeature with sig. 'mmm' on line 556.
.................................................
.................................................
. LaTeX info: "xparse/define-command"
. 
. Defining command \aliasfontfeature with sig. 'mm' on line 577.
.................................................
.................................................
. LaTeX info: "xparse/define-command"
. 
. Defining command \aliasfontfeatureoption with sig. 'mmm' on line 586.
.................................................
.................................................
. LaTeX info: "xparse/define-command"
. 
. Defining command \newfontscript with sig. 'mm' on line 590.
.................................................
.................................................
. LaTeX info: "xparse/define-command"
. 
. Defining command \newfontlanguage with sig. 'mm' on line 594.
.................................................
.................................................
. LaTeX info: "xparse/define-command"
. 
. Defining command \DeclareFontsExtensions with sig. 'm' on line 599.
.................................................
\l__fontspec_tmp_int=\count123

("C:\Program Files\MiKTeX 2.9\tex\latex\fontspec\fontspec.cfg")
LaTeX Info: Redefining \itshape on input line 2705.
LaTeX Info: Redefining \slshape on input line 2710.
LaTeX Info: Redefining \scshape on input line 2715.
LaTeX Info: Redefining \upshape on input line 2720.
\l__fontspec_em_int=\count124
\l__fontspec_emdef_int=\count125
LaTeX Info: Redefining \em on input line 2736.
LaTeX Info: Redefining \emph on input line 2742.
LaTeX Info: Redefining \- on input line 2746.
.................................................
. LaTeX info: "xparse/redefine-command"
. 
. Redefining command \oldstylenums with sig. 'm' on line 2841.
.................................................
.................................................
. LaTeX info: "xparse/define-command"
. 
. Defining command \liningnums with sig. 'm' on line 2845.
.................................................
))
("C:\Program Files\MiKTeX 2.9\tex\generic\oberdiek\ifluatex.sty"
Package: ifluatex 2016/05/16 v1.4 Provides the ifluatex switch (HO)
Package ifluatex Info: LuaTeX not detected.
)
\xpg@normalclass=\XeTeXcharclass1
)
\g__fontspec_family_Cambria_int=\count126
.................................................
. fontspec info: "defining-font"
. 
. Font family 'Cambria(0)' created for font 'Cambria' with options
. [Ligatures=TeX].
. 
. This font family consists of the following NFSS series/shapes:
. - 'normal' (m/n) with NFSS spec.:
. <->"Cambria/OT:script=latn;language=DFLT;mapping=tex-text;"
. - 'small caps'  (m/sc) with NFSS spec.:
. <->"Cambria/OT:script=latn;language=DFLT;mapping=tex-text;+smcp;"- 'bold'
. (bx/n) with NFSS spec.:
. <->"Cambria/B/OT:script=latn;language=DFLT;mapping=tex-text;"
. - 'bold small caps'  (bx/sc) with NFSS spec.:
. <->"Cambria/B/OT:script=latn;language=DFLT;mapping=tex-text;+smcp;"-
. 'italic' (m/it) with NFSS spec.:
. <->"Cambria/I/OT:script=latn;language=DFLT;mapping=tex-text;"
. - 'italic small caps'  (m/itsc) with NFSS spec.:
. <->"Cambria/I/OT:script=latn;language=DFLT;mapping=tex-text;+smcp;"- 'bold
. italic' (bx/it) with NFSS spec.:
. <->"Cambria/BI/OT:script=latn;language=DFLT;mapping=tex-text;"
. - 'bold italic small caps'  (bx/itsc) with NFSS spec.:
. <->"Cambria/BI/OT:script=latn;language=DFLT;mapping=tex-text;+smcp;"
.................................................
.................................................
. fontspec info: "no-scripts"
. 
. Font Liberation Mono does not contain any OpenType `Script' information.
.................................................
\g__fontspec_family_LiberationMono_int=\count127
.................................................
. fontspec info: "defining-font"
. 
. Font family 'LiberationMono(0)' created for font 'Liberation Mono' with
. options [WordSpace={1,0,0},PunctuationSpace=WordSpace].
. 
. This font family consists of the following NFSS series/shapes:
. - 'normal' (m/n) with NFSS spec.: <->"Liberation Mono/OT:"
. - 'small caps'  (m/sc) with NFSS spec.: 
. and font adjustment code:
. \fontdimen 2\font =1\fontdimen 2\font \fontdimen 3\font =0\fontdimen 3\font
. \fontdimen 4\font =0\fontdimen 4\font \fontdimen 7\font =0\fontdimen 2\font
. - 'bold' (bx/n) with NFSS spec.: <->"Liberation Mono/B/OT:"
. - 'bold small caps'  (bx/sc) with NFSS spec.: 
. and font adjustment code:
. \fontdimen 2\font =1\fontdimen 2\font \fontdimen 3\font =0\fontdimen 3\font
. \fontdimen 4\font =0\fontdimen 4\font \fontdimen 7\font =0\fontdimen 2\font
. - 'italic' (m/it) with NFSS spec.: <->"Liberation Mono/I/OT:"
. - 'italic small caps'  (m/itsc) with NFSS spec.: 
. and font adjustment code:
. \fontdimen 2\font =1\fontdimen 2\font \fontdimen 3\font =0\fontdimen 3\font
. \fontdimen 4\font =0\fontdimen 4\font \fontdimen 7\font =0\fontdimen 2\font
. - 'bold italic' (bx/it) with NFSS spec.: <->"Liberation Mono/BI/OT:"
. - 'bold italic small caps'  (bx/itsc) with NFSS spec.: 
. and font adjustment code:
. \fontdimen 2\font =1\fontdimen 2\font \fontdimen 3\font =0\fontdimen 3\font
. \fontdimen 4\font =0\fontdimen 4\font \fontdimen 7\font =0\fontdimen 2\font 
.................................................

("C:\Program Files\MiKTeX 2.9\tex\latex\polyglossia\gloss-ukrainian.ldf"
File: gloss-ukrainian.ldf polyglossia: module for ukrainian
)
Package polyglossia Info: Default language is ukrainian.

("C:\Program Files\MiKTeX 2.9\tex\latex\polyglossia\gloss-english.ldf"
File: gloss-english.ldf polyglossia: module for english
)
("C:\Program Files\MiKTeX 2.9\tex\latex\rotating\rotating.sty"
Package: rotating 2009/03/28 v2.16a rotated objects in LaTeX

("C:\Program Files\MiKTeX 2.9\tex\latex\base\ifthen.sty"
Package: ifthen 2014/09/29 v1.1c Standard LaTeX ifthen package (DPC)
)
\c@r@tfl@t=\count128
\rotFPtop=\skip49
\rotFPbot=\skip50
\rot@float@box=\box42
\rot@mess@toks=\toks20
)
("C:\Program Files\MiKTeX 2.9\tex\latex\caption\caption.sty"
Package: caption 2016/02/21 v3.3-144 Customizing captions (AR)

("C:\Program Files\MiKTeX 2.9\tex\latex\caption\caption3.sty"
Package: caption3 2016/05/22 v1.7-166 caption3 kernel (AR)
Package caption3 Info: TeX engine: e-TeX on input line 67.
\captionmargin=\dimen147
\captionmargin@=\dimen148
\captionwidth=\dimen149
\caption@tempdima=\dimen150
\caption@indent=\dimen151
\caption@parindent=\dimen152
\caption@hangindent=\dimen153
)
\c@ContinuedFloat=\count129
Package caption Info: rotating package is loaded.
)
("C:\Program Files\MiKTeX 2.9\tex\latex\preprint\authblk.sty"
Package: authblk 2001/02/27 1.3 (PWD)
\affilsep=\skip51
\@affilsep=\skip52
\c@Maxaffil=\count130
\c@authors=\count131
\c@affil=\count132
)
("C:\Program Files\MiKTeX 2.9\tex\latex\tools\indentfirst.sty"
Package: indentfirst 1995/11/23 v1.03 Indent first paragraph (DPC)
)
("C:\Program Files\MiKTeX 2.9\tex\latex\threeparttable\threeparttable.sty"
Package: threeparttable 2003/06/13  v 3.0
\@tempboxb=\box43
)
("C:\Program Files\MiKTeX 2.9\tex\latex\tablefootnote\tablefootnote.sty"
Package: tablefootnote 2014/01/26 v1.1c Table foot notes (HMM)

("C:\Program Files\MiKTeX 2.9\tex\latex\oberdiek\letltxmacro.sty"
Package: letltxmacro 2016/05/16 v1.5 Let assignment for LaTeX macros (HO)
)
("C:\Program Files\MiKTeX 2.9\tex\latex\xifthen\xifthen.sty"
Package: xifthen 2015/11/05 v1.4.0 Extended ifthen features

("C:\Program Files\MiKTeX 2.9\tex\latex\tools\calc.sty"
Package: calc 2014/10/28 v4.3 Infix arithmetic (KKT,FJ)
\calc@Acount=\count133
\calc@Bcount=\count134
\calc@Adimen=\dimen154
\calc@Bdimen=\dimen155
\calc@Askip=\skip53
\calc@Bskip=\skip54
LaTeX Info: Redefining \setlength on input line 80.
LaTeX Info: Redefining \addtolength on input line 81.
\calc@Ccount=\count135
\calc@Cskip=\skip55
)
("C:\Program Files\MiKTeX 2.9\tex\latex\ifmtarg\ifmtarg.sty"
Package: ifmtarg 2009/09/02 v1.2a check for an empty argument
)))
("C:\Program Files\MiKTeX 2.9\tex\latex\multirow\multirow.sty"
\bigstrutjot=\dimen156
)
("C:\Program Files\MiKTeX 2.9\tex\latex\tools\longtable.sty"
Package: longtable 2014/10/28 v4.11 Multi-page Table package (DPC)
\LTleft=\skip56
\LTright=\skip57
\LTpre=\skip58
\LTpost=\skip59
\LTchunksize=\count136
\LTcapwidth=\dimen157
\LT@head=\box44
\LT@firsthead=\box45
\LT@foot=\box46
\LT@lastfoot=\box47
\LT@cols=\count137
\LT@rows=\count138
\c@LT@tables=\count139
\c@LT@chunks=\count140
\LT@p@ftn=\toks21
)
("C:\Program Files\MiKTeX 2.9\tex\latex\wrapfig\wrapfig.sty"
\wrapoverhang=\dimen158
\WF@size=\dimen159
\c@WF@wrappedlines=\count141
\WF@box=\box48
\WF@everypar=\toks22
Package: wrapfig 2003/01/31  v 3.6
)
("C:\Program Files\MiKTeX 2.9\tex\latex\tools\array.sty"
Package: array 2014/10/28 v2.4c Tabular extension package (FMi)
\col@sep=\dimen160
\extrarowheight=\dimen161
\NC@list=\toks23
\extratabsurround=\skip60
\backup@length=\skip61
)
("C:\Program Files\MiKTeX 2.9\tex\latex\booktabs\booktabs.sty"
Package: booktabs 2005/04/14 v1.61803 publication quality tables
\heavyrulewidth=\dimen162
\lightrulewidth=\dimen163
\cmidrulewidth=\dimen164
\belowrulesep=\dimen165
\belowbottomsep=\dimen166
\aboverulesep=\dimen167
\abovetopsep=\dimen168
\cmidrulesep=\dimen169
\cmidrulekern=\dimen170
\defaultaddspace=\dimen171
\@cmidla=\count142
\@cmidlb=\count143
\@aboverulesep=\dimen172
\@belowrulesep=\dimen173
\@thisruleclass=\count144
\@lastruleclass=\count145
\@thisrulewidth=\dimen174
)
("C:\Program Files\MiKTeX 2.9\tex\latex\siunitx\siunitx.sty"
Package: siunitx 2016/03/01 v2.6q A comprehensive (SI) units package

("C:\Program Files\MiKTeX 2.9\tex\latex\amsmath\amstext.sty"
Package: amstext 2000/06/29 v2.01 AMS text

("C:\Program Files\MiKTeX 2.9\tex\latex\amsmath\amsgen.sty"
File: amsgen.sty 1999/11/30 v2.0 generic functions
\@emptytoks=\toks24
\ex@=\dimen175
))
("C:\Program Files\MiKTeX 2.9\tex\latex\l3packages\l3keys2e\l3keys2e.sty"
Package: l3keys2e 2016/05/18 v6512 LaTeX2e option processing using LaTeX3 keys
)
\l__siunitx_tmp_box=\box49
\l__siunitx_tmp_dim=\dimen176
\l__siunitx_tmp_int=\count146
\l__siunitx_number_mantissa_length_int=\count147
\l__siunitx_number_uncert_length_int=\count148
\l__siunitx_round_int=\count149
\l__siunitx_process_decimal_int=\count150
\l__siunitx_process_uncertainty_int=\count151
\l__siunitx_process_fixed_int=\count152
\l__siunitx_process_integer_min_int=\count153
\l__siunitx_process_precision_int=\count154
\l__siunitx_group_min_int=\count155
\l__siunitx_angle_marker_box=\box50
\l__siunitx_angle_unit_box=\box51
\l__siunitx_angle_marker_dim=\dimen177
\l__siunitx_angle_unit_dim=\dimen178
\l__siunitx_unit_int=\count156
\l__siunitx_unit_denominator_int=\count157
\l__siunitx_unit_numerator_int=\count158
\l__siunitx_unit_prefix_int=\count159
\l__siunitx_unit_prefix_base_int=\count160
\l__siunitx_unit_prefix_gram_int=\count161
\l__siunitx_number_product_int=\count162
\c__siunitx_one_fill_skip=\skip62
\l__siunitx_table_unit_align_skip=\skip63
\l__siunitx_table_exponent_dim=\dimen179
\l__siunitx_table_integer_dim=\dimen180
\l__siunitx_table_mantissa_dim=\dimen181
\l__siunitx_table_marker_dim=\dimen182
\l__siunitx_table_result_dim=\dimen183
\l__siunitx_table_uncert_dim=\dimen184
\l__siunitx_table_fill_pre_dim=\dimen185
\l__siunitx_table_fill_post_dim=\dimen186
\l__siunitx_table_fill_mid_dim=\dimen187
\l__siunitx_table_pre_box=\box52
\l__siunitx_table_post_box=\box53
\l__siunitx_table_mantissa_box=\box54
\l__siunitx_table_result_box=\box55
\l__siunitx_table_number_align_skip=\skip64
\l__siunitx_table_text_align_skip=\skip65
.................................................
. LaTeX info: "xparse/define-command"
. 
. Defining command \DeclareBinaryPrefix with sig. 'mmm' on line 7218.
.................................................
.................................................
. LaTeX info: "xparse/define-command"
. 
. Defining command \DeclareSIPostPower with sig. 'mm' on line 7221.
.................................................
.................................................
. LaTeX info: "xparse/define-command"
. 
. Defining command \DeclareSIPrefix with sig. 'mmm' on line 7224.
.................................................
.................................................
. LaTeX info: "xparse/define-command"
. 
. Defining command \DeclareSIPrePower with sig. 'mm' on line 7227.
.................................................
.................................................
. LaTeX info: "xparse/define-command"
. 
. Defining command \DeclareSIQualifier with sig. 'mm' on line 7230.
.................................................
.................................................
. LaTeX info: "xparse/define-command"
. 
. Defining command \DeclareSIUnit with sig. 'O{}mm' on line 7233.
.................................................
.................................................
. LaTeX info: "xparse/define-command"
. 
. Defining command \DeclareSIUnitWithOptions with sig. 'mmm' on line 7236.
.................................................
.................................................
. LaTeX info: "xparse/define-command"
. 
. Defining command \ang with sig. 'o>{\SplitArgument {2}{;}}m' on line 7251.
.................................................
.................................................
. LaTeX info: "xparse/define-command"
. 
. Defining command \num with sig. 'om' on line 7260.
.................................................
.................................................
. LaTeX info: "xparse/define-command"
. 
. Defining command \numlist with sig. 'o>{\SplitList {;}}m' on line 7269.
.................................................
.................................................
. LaTeX info: "xparse/define-command"
. 
. Defining command \numrange with sig. 'omm' on line 7278.
.................................................
.................................................
. LaTeX info: "xparse/define-command"
. 
. Defining command \SIlist with sig. 'o>{\SplitList {;}}mm' on line 7290.
.................................................
.................................................
. LaTeX info: "xparse/define-command"
. 
. Defining command \SIrange with sig. 'ommm' on line 7302.
.................................................
.................................................
. LaTeX info: "xparse/define-command"
. 
. Defining command \SI with sig. 'omom' on line 7314.
.................................................
.................................................
. LaTeX info: "xparse/define-command"
. 
. Defining command \sisetup with sig. 'm' on line 7317.
.................................................
.................................................
. LaTeX info: "xparse/define-command"
. 
. Defining command \tablenum with sig. 'om' on line 7332.
.................................................
.................................................
. LaTeX info: "xparse/define-command"
. 
. Defining command \si with sig. 'om' on line 7344.
.................................................
.................................................
. LaTeX info: "xparse/define-command"
. 
. Defining command \__siunitx_bookmark_num:w with sig. 'om' on line 7391.
.................................................
.................................................
. LaTeX info: "xparse/define-command"
. 
. Defining command \__siunitx_bookmark_numrange:w with sig. 'omm' on line
. 7393.
.................................................
.................................................
. LaTeX info: "xparse/define-command"
. 
. Defining command \__siunitx_bookmark_SI:w with sig. 'omom' on line 7395.
.................................................
.................................................
. LaTeX info: "xparse/define-command"
. 
. Defining command \__siunitx_bookmark_SIlist:w with sig. 'omm' on line 7397.
.................................................
.................................................
. LaTeX info: "xparse/define-command"
. 
. Defining command \__siunitx_bookmark_SIrange:w with sig. 'ommm' on line
. 7399.
.................................................
.................................................
. LaTeX info: "xparse/define-command"
. 
. Defining command \__siunitx_bookmark_si:w with sig. 'om' on line 7400.
.................................................

("C:\Program Files\MiKTeX 2.9\tex\latex\beamer\base\translator\translator.sty"
Package: translator 2010/06/12 ver 1.10

("C:\Program Files\MiKTeX 2.9\tex\latex\beamer\base\translator\translator-langu
age-mappings.tex"))) ("C:\Program Files\MiKTeX 2.9\tex\latex\t2\mathtext.sty"
Package: mathtext 1999/01/28 v1.0 transparent text-and-math defs
LaTeX Info: Redefining \halign on input line 111.
)
("C:\Program Files\MiKTeX 2.9\tex\latex\lineno\lineno.sty"
Package: lineno 2005/11/02 line numbers on paragraphs v4.41
Invalid UTF-8 byte or sequence at line 296 replaced by U+FFFD.
\linenopenalty=\count163
\output=\toks25
\linenoprevgraf=\count164
\linenumbersep=\dimen188
\linenumberwidth=\dimen189
\c@linenumber=\count165
\c@pagewiselinenumber=\count166
\c@LN@truepage=\count167
\c@internallinenumber=\count168
\c@internallinenumbers=\count169
\quotelinenumbersep=\dimen190
\bframerule=\dimen191
\bframesep=\dimen192
\bframebox=\box56
LaTeX Info: Redefining \\ on input line 3056.
)
("C:\Program Files\MiKTeX 2.9\tex\latex\hyperref\hyperref.sty"
Package: hyperref 2016/05/21 v6.83p Hypertext links for LaTeX

("C:\Program Files\MiKTeX 2.9\tex\generic\oberdiek\hobsub-hyperref.sty"
Package: hobsub-hyperref 2016/05/16 v1.14 Bundle oberdiek, subset hyperref (HO)


("C:\Program Files\MiKTeX 2.9\tex\generic\oberdiek\hobsub-generic.sty"
Package: hobsub-generic 2016/05/16 v1.14 Bundle oberdiek, subset generic (HO)
Package: hobsub 2016/05/16 v1.14 Construct package bundles (HO)
Package hobsub Info: Skipping package `infwarerr' (already loaded).
Package hobsub Info: Skipping package `ltxcmds' (already loaded).
Package hobsub Info: Skipping package `ifluatex' (already loaded).
Package hobsub Info: Skipping package `ifvtex' (already loaded).
Package: intcalc 2016/05/16 v1.2 Expandable calculations with integers (HO)
Package hobsub Info: Skipping package `ifpdf' (already loaded).
Package: etexcmds 2016/05/16 v1.6 Avoid name clashes with e-TeX commands (HO)
Package etexcmds Info: Could not find \expanded.
(etexcmds)             That can mean that you are not using pdfTeX 1.50 or
(etexcmds)             that some package has redefined \expanded.
(etexcmds)             In the latter case, load this package earlier.
Package: kvsetkeys 2016/05/16 v1.17 Key value parser (HO)
Package: kvdefinekeys 2016/05/16 v1.4 Define keys (HO)
Package: pdftexcmds 2016/05/21 v0.22 Utility functions of pdfTeX for LuaTeX (HO
)
Package pdftexcmds Info: LuaTeX not detected.
Package pdftexcmds Info: pdfTeX >= 1.30 not detected.
Package pdftexcmds Info: \pdf@primitive is available.
Package pdftexcmds Info: \pdf@ifprimitive is available.
Package pdftexcmds Info: \pdfdraftmode not found.
Package: pdfescape 2016/05/16 v1.14 Implements pdfTeX's escape features (HO)
Package: bigintcalc 2016/05/16 v1.4 Expandable calculations on big integers (HO
)
Package: bitset 2016/05/16 v1.2 Handle bit-vector datatype (HO)
Package: uniquecounter 2016/05/16 v1.3 Provide unlimited unique counter (HO)
)
Package hobsub Info: Skipping package `hobsub' (already loaded).
Package hobsub Info: Skipping package `letltxmacro' (already loaded).
Package: hopatch 2016/05/16 v1.3 Wrapper for package hooks (HO)
Package: xcolor-patch 2016/05/16 xcolor patch
Package: atveryend 2016/05/16 v1.9 Hooks at the very end of document (HO)
Package: atbegshi 2016/06/09 v1.18 At begin shipout hook (HO)
Package: refcount 2016/05/16 v3.5 Data extraction from label references (HO)
Package: hycolor 2016/05/16 v1.8 Color options for hyperref/bookmark (HO)
)
("C:\Program Files\MiKTeX 2.9\tex\latex\oberdiek\auxhook.sty"
Package: auxhook 2016/05/16 v1.4 Hooks for auxiliary files (HO)
)
("C:\Program Files\MiKTeX 2.9\tex\latex\oberdiek\kvoptions.sty"
Package: kvoptions 2016/05/16 v3.12 Key value format for package options (HO)
)
\@linkdim=\dimen193
\Hy@linkcounter=\count170
\Hy@pagecounter=\count171

("C:\Program Files\MiKTeX 2.9\tex\latex\hyperref\pd1enc.def"
File: pd1enc.def 2016/05/21 v6.83p Hyperref: PDFDocEncoding definition (HO)
\symPD1letters=\mathgroup4
)
\Hy@SavedSpaceFactor=\count172

("C:\Program Files\MiKTeX 2.9\tex\latex\00miktex\hyperref.cfg"
File: hyperref.cfg 2002/06/06 v1.2 hyperref configuration of TeXLive
)
Package hyperref Info: Hyper figures OFF on input line 4486.
Package hyperref Info: Link nesting OFF on input line 4491.
Package hyperref Info: Hyper index ON on input line 4494.
Package hyperref Info: Plain pages OFF on input line 4501.
Package hyperref Info: Backreferencing OFF on input line 4506.
Package hyperref Info: Implicit mode ON; LaTeX internals redefined.
Package hyperref Info: Bookmarks ON on input line 4735.
\c@Hy@tempcnt=\count173

("C:\Program Files\MiKTeX 2.9\tex\latex\url\url.sty"
\Urlmuskip=\muskip16
Package: url 2013/09/16  ver 3.4  Verb mode for urls, etc.
)
LaTeX Info: Redefining \url on input line 5088.
\XeTeXLinkMargin=\dimen194
\Fld@menulength=\count174
\Field@Width=\dimen195
\Fld@charsize=\dimen196
Package hyperref Info: Hyper figures OFF on input line 6342.
Package hyperref Info: Link nesting OFF on input line 6347.
Package hyperref Info: Hyper index ON on input line 6350.
Package hyperref Info: backreferencing OFF on input line 6357.
Package hyperref Info: Link coloring OFF on input line 6362.
Package hyperref Info: Link coloring with OCG OFF on input line 6367.
Package hyperref Info: PDF/A mode OFF on input line 6372.
LaTeX Info: Redefining \ref on input line 6412.
LaTeX Info: Redefining \pageref on input line 6416.
\Hy@abspage=\count175
\c@Item=\count176
\c@Hfootnote=\count177
)

Package hyperref Message: Driver (autodetected): hxetex.

("C:\Program Files\MiKTeX 2.9\tex\latex\hyperref\hxetex.def"
File: hxetex.def 2016/05/21 v6.83p Hyperref driver for XeTeX

("C:\Program Files\MiKTeX 2.9\tex\latex\hyperref\puenc.def"
File: puenc.def 2016/05/21 v6.83p Hyperref: PDF Unicode definition (HO)
\symPUletters=\mathgroup5
)
("C:\Program Files\MiKTeX 2.9\tex\generic\oberdiek\stringenc.sty"
Package: stringenc 2016/05/16 v1.11 Convert strings between diff. encodings (HO
)
)
\pdfm@box=\box57
\c@Hy@AnnotLevel=\count178
\HyField@AnnotCount=\count179
\Fld@listcount=\count180
\c@bookmark@seq@number=\count181

("C:\Program Files\MiKTeX 2.9\tex\latex\oberdiek\rerunfilecheck.sty"
Package: rerunfilecheck 2016/05/16 v1.8 Rerun checks for auxiliary files (HO)
Package rerunfilecheck Info: Feature \pdfmdfivesum is not available
(rerunfilecheck)             (e.g. pdfTeX or LuaTeX with package `pdftexcmds').

(rerunfilecheck)             Therefore file contents cannot be checked efficien
tly
(rerunfilecheck)             and the loading of the package is aborted.
)
\Hy@SectionHShift=\skip66
)
("C:\Program Files\MiKTeX 2.9\tex\latex\tabulary\tabulary.sty"
Package: tabulary 2014/06/11 v0.10 tabulary package (DPC)
\TY@count=\count182
\TY@linewidth=\dimen197
\tymin=\dimen198
\tymax=\dimen199
\TY@tablewidth=\dimen256
)
("C:\Program Files\MiKTeX 2.9\tex\latex\fancyhdr\fancyhdr.sty"
\fancy@headwidth=\skip67
\f@ncyO@elh=\skip68
\f@ncyO@erh=\skip69
\f@ncyO@olh=\skip70
\f@ncyO@orh=\skip71
\f@ncyO@elf=\skip72
\f@ncyO@erf=\skip73
\f@ncyO@olf=\skip74
\f@ncyO@orf=\skip75
)

Package Fancyhdr Warning: \fancyfoot's `E' option without twoside option is use
less on input line 30.

(cira_revised.aux
.................................................
. fontspec info: "defining-font"
. 
. Font family 'Cambria(1)' created for font 'Cambria' with options
. [Ligatures=TeX,Script=Cyrillic].
. 
. This font family consists of the following NFSS series/shapes:
. - 'normal' (m/n) with NFSS spec.:
. <->"Cambria/OT:script=cyrl;language=DFLT;mapping=tex-text;"
. - 'small caps'  (m/sc) with NFSS spec.:
. <->"Cambria/OT:script=cyrl;language=DFLT;mapping=tex-text;+smcp;"- 'bold'
. (bx/n) with NFSS spec.:
. <->"Cambria/B/OT:script=cyrl;language=DFLT;mapping=tex-text;"
. - 'bold small caps'  (bx/sc) with NFSS spec.:
. <->"Cambria/B/OT:script=cyrl;language=DFLT;mapping=tex-text;+smcp;"-
. 'italic' (m/it) with NFSS spec.:
. <->"Cambria/I/OT:script=cyrl;language=DFLT;mapping=tex-text;"
. - 'italic small caps'  (m/itsc) with NFSS spec.:
. <->"Cambria/I/OT:script=cyrl;language=DFLT;mapping=tex-text;+smcp;"- 'bold
. italic' (bx/it) with NFSS spec.:
. <->"Cambria/BI/OT:script=cyrl;language=DFLT;mapping=tex-text;"
. - 'bold italic small caps'  (bx/itsc) with NFSS spec.:
. <->"Cambria/BI/OT:script=cyrl;language=DFLT;mapping=tex-text;+smcp;"
.................................................
)
\openout1 = `cira_revised.aux'.

LaTeX Font Info:    Checking defaults for OML/cmm/m/it on input line 33.
LaTeX Font Info:    ... okay on input line 33.
LaTeX Font Info:    Checking defaults for T1/cmr/m/n on input line 33.
LaTeX Font Info:    ... okay on input line 33.
LaTeX Font Info:    Checking defaults for OT1/cmr/m/n on input line 33.
LaTeX Font Info:    ... okay on input line 33.
LaTeX Font Info:    Checking defaults for OMS/cmsy/m/n on input line 33.
LaTeX Font Info:    ... okay on input line 33.
LaTeX Font Info:    Checking defaults for OMX/cmex/m/n on input line 33.
LaTeX Font Info:    ... okay on input line 33.
LaTeX Font Info:    Checking defaults for U/cmr/m/n on input line 33.
LaTeX Font Info:    ... okay on input line 33.
LaTeX Font Info:    Checking defaults for EU1/lmr/m/n on input line 33.
LaTeX Font Info:    ... okay on input line 33.
LaTeX Font Info:    Checking defaults for T3/cmr/m/n on input line 33.
LaTeX Font Info:    Try loading font information for T3+cmr on input line 33.
 ("C:\Program Files\MiKTeX 2.9\tex\latex\tipa\t3cmr.fd"
File: t3cmr.fd 2001/12/31 TIPA font definitions
)
LaTeX Font Info:    ... okay on input line 33.
LaTeX Font Info:    Checking defaults for PD1/pdf/m/n on input line 33.
LaTeX Font Info:    ... okay on input line 33.
LaTeX Font Info:    Checking defaults for PU/pdf/m/n on input line 33.
LaTeX Font Info:    ... okay on input line 33.

*geometry* detected driver: pdftex
*geometry* verbose mode - [ preamble ] result:
* driver: pdftex
* paper: <default>
* layout: <same size as paper>
* layoutoffset:(h,v)=(0.0pt,0.0pt)
* modes: 
* h-part:(L,W,R)=(48.0pt, 520.295pt, 46.0pt)
* v-part:(T,H,B)=(95.39737pt, 556.47656pt, 143.09605pt)
* \paperwidth=614.295pt
* \paperheight=794.96999pt
* \textwidth=520.295pt
* \textheight=556.47656pt
* \oddsidemargin=-24.26999pt
* \evensidemargin=-24.26999pt
* \topmargin=-13.87262pt
* \headheight=12.0pt
* \headsep=25.0pt
* \topskip=10.0pt
* \footskip=30.0pt
* \marginparwidth=4.0pt
* \marginparsep=10.0pt
* \columnsep=10.0pt
* \skip\footins=9.0pt plus 4.0pt minus 2.0pt
* \hoffset=0.0pt
* \voffset=0.0pt
* \mag=1000
* \@twocolumntrue
* \@twosidefalse
* \@mparswitchfalse
* \@reversemarginfalse
* (1in=72.27pt=25.4mm, 1cm=28.453pt)

.................................................
. fontspec info: "setup-math"
. 
. Adjusting the maths setup (use [no-math] to avoid this).
.................................................
\symlegacymaths=\mathgroup6
LaTeX Font Info:    Overwriting symbol font `legacymaths' in version `bold'
(Font)                  OT1/cmr/m/n --> OT1/cmr/bx/n on input line 33.
LaTeX Font Info:    Redeclaring math accent \acute on input line 33.
LaTeX Font Info:    Redeclaring math accent \grave on input line 33.
LaTeX Font Info:    Redeclaring math accent \ddot on input line 33.
LaTeX Font Info:    Redeclaring math accent \tilde on input line 33.
LaTeX Font Info:    Redeclaring math accent \bar on input line 33.
LaTeX Font Info:    Redeclaring math accent \breve on input line 33.
LaTeX Font Info:    Redeclaring math accent \check on input line 33.
LaTeX Font Info:    Redeclaring math accent \hat on input line 33.
LaTeX Font Info:    Redeclaring math accent \dot on input line 33.
LaTeX Font Info:    Redeclaring math accent \mathring on input line 33.
LaTeX Font Info:    Redeclaring math symbol \colon on input line 33.
LaTeX Font Info:    Redeclaring math symbol \Gamma on input line 33.
LaTeX Font Info:    Redeclaring math symbol \Delta on input line 33.
LaTeX Font Info:    Redeclaring math symbol \Theta on input line 33.
LaTeX Font Info:    Redeclaring math symbol \Lambda on input line 33.
LaTeX Font Info:    Redeclaring math symbol \Xi on input line 33.
LaTeX Font Info:    Redeclaring math symbol \Pi on input line 33.
LaTeX Font Info:    Redeclaring math symbol \Sigma on input line 33.
LaTeX Font Info:    Redeclaring math symbol \Upsilon on input line 33.
LaTeX Font Info:    Redeclaring math symbol \Phi on input line 33.
LaTeX Font Info:    Redeclaring math symbol \Psi on input line 33.
LaTeX Font Info:    Redeclaring math symbol \Omega on input line 33.
LaTeX Font Info:    Redeclaring math symbol \mathdollar on input line 33.
LaTeX Font Info:    Redeclaring symbol font `operators' on input line 33.
LaTeX Font Info:    Encoding `OT1' has changed to `EU1' for symbol font
(Font)              `operators' in the math version `normal' on input line 33.
LaTeX Font Info:    Overwriting symbol font `operators' in version `normal'
(Font)                  OT1/cmr/m/n --> EU1/Cambria(0)/m/n on input line 33.
LaTeX Font Info:    Encoding `OT1' has changed to `EU1' for symbol font
(Font)              `operators' in the math version `bold' on input line 33.
LaTeX Font Info:    Overwriting symbol font `operators' in version `bold'
(Font)                  OT1/cmr/bx/n --> EU1/Cambria(0)/m/n on input line 33.
LaTeX Font Info:    Overwriting symbol font `operators' in version `normal'
(Font)                  EU1/Cambria(0)/m/n --> EU1/Cambria(0)/m/n on input line
 33.
LaTeX Font Info:    Overwriting math alphabet `\mathit' in version `normal'
(Font)                  OT1/cmr/m/it --> EU1/Cambria(0)/m/it on input line 33.
LaTeX Font Info:    Overwriting math alphabet `\mathbf' in version `normal'
(Font)                  OT1/cmr/bx/n --> EU1/Cambria(0)/bx/n on input line 33.
LaTeX Font Info:    Overwriting math alphabet `\mathsf' in version `normal'
(Font)                  OT1/cmss/m/n --> EU1/lmss/m/n on input line 33.
LaTeX Font Info:    Overwriting math alphabet `\mathtt' in version `normal'
(Font)                  OT1/cmtt/m/n --> EU1/LiberationMono(0)/m/n on input lin
e 33.
LaTeX Font Info:    Overwriting symbol font `operators' in version `bold'
(Font)                  EU1/Cambria(0)/m/n --> EU1/Cambria(0)/bx/n on input lin
e 33.
LaTeX Font Info:    Overwriting math alphabet `\mathit' in version `bold'
(Font)                  OT1/cmr/bx/it --> EU1/Cambria(0)/bx/it on input line 33
.
LaTeX Font Info:    Overwriting math alphabet `\mathsf' in version `bold'
(Font)                  OT1/cmss/bx/n --> EU1/lmss/bx/n on input line 33.
LaTeX Font Info:    Overwriting math alphabet `\mathtt' in version `bold'
(Font)                  OT1/cmtt/m/n --> EU1/LiberationMono(0)/bx/n on input li
ne 33.
Package caption Info: Begin \AtBeginDocument code.
Package caption Info: hyperref package is loaded.
Package caption Info: longtable package is loaded.
("C:\Program Files\MiKTeX 2.9\tex\latex\caption\ltcaption.sty"
Package: ltcaption 2013/06/09 v1.4-94 longtable captions (AR)
)
Package caption Info: threeparttable package is loaded.
Package caption Info: wrapfig package is loaded.
Package caption Info: End \AtBeginDocument code.
\symTS1letters=\mathgroup7

("C:\Program Files\MiKTeX 2.9\tex\latex\beamer\base\translator\dicts\translator
-basic-dictionary\translator-basic-dictionary-English.dict"
Dictionary: translator-basic-dictionary, Language: English 
)
("C:\Program Files\MiKTeX 2.9\tex\latex\siunitx\siunitx-abbreviations.cfg"
File: siunitx-abbreviations.cfg 2016/03/01 v2.6q siunitx: Abbreviated units
)
\AtBeginShipoutBox=\box58
Package hyperref Info: Link coloring OFF on input line 33.

("C:\Program Files\MiKTeX 2.9\tex\latex\hyperref\nameref.sty"
Package: nameref 2016/05/21 v2.44 Cross-referencing by name of section

("C:\Program Files\MiKTeX 2.9\tex\generic\oberdiek\gettitlestring.sty"
Package: gettitlestring 2016/05/16 v1.5 Cleanup title references (HO)
)
\c@section@level=\count183
)
LaTeX Info: Redefining \ref on input line 33.
LaTeX Info: Redefining \pageref on input line 33.
LaTeX Info: Redefining \nameref on input line 33.

(cira_revised.out) (cira_revised.out)
\@outlinefile=\write3
\openout3 = `cira_revised.out'.

\c__siunitx_mathsf_int=\count184
LaTeX Font Info:    External font `cmex10' loaded for size
(Font)              <7> on input line 33.
LaTeX Font Info:    External font `cmex10' loaded for size
(Font)              <5> on input line 33.
LaTeX Font Info:    Try loading font information for PD1+Cambria(0) on input li
ne 33.
LaTeX Font Info:    No file PD1Cambria(0).fd. on input line 33.


LaTeX Font Warning: Font shape `PD1/Cambria(0)/m/n' undefined
(Font)              using `PD1/pdf/m/n' instead on input line 33.

LaTeX Font Info:    Try loading font information for PU+Cambria(0) on input lin
e 33.
LaTeX Font Info:    No file PUCambria(0).fd. on input line 33.

LaTeX Font Warning: Font shape `PU/Cambria(0)/m/n' undefined
(Font)              using `PU/pdf/m/n' instead on input line 33.

LaTeX Font Info:    Try loading font information for TS1+Cambria(0) on input li
ne 33.
LaTeX Font Info:    No file TS1Cambria(0).fd. on input line 33.
LaTeX Font Info:    Try loading font information for TS1+cmr on input line 33.
("C:\Program Files\MiKTeX 2.9\tex\latex\base\ts1cmr.fd"
File: ts1cmr.fd 2014/09/29 v2.5h Standard LaTeX font definitions
)

LaTeX Font Warning: Font shape `TS1/Cambria(0)/m/n' undefined
(Font)              using `TS1/cmr/m/n' instead on input line 33.

\c__siunitx_mathtt_int=\count185

! LaTeX Error: File `logo' not found.

See the LaTeX manual or LaTeX Companion for explanation.
Type  H <return>  for immediate help.
 ...                                              
                                                  
l.70 \end{@twocolumnfalse}]
                           
I could not locate the file with any of these extensions:
.pdf,.PDF,.eps,.EPS,.mps,.MPS,.ps,.PS,.png,.PNG,.jpg,.JPG,.jpeg,.JPEG,.jp2,.JP2
,.jpf,.JPF,.bmp,.BMP,.pict,.PICT,.psd,.PSD,.mac,.MAC,.TGA,.tga,.gif,.GIF,.tif,.
TIF,.tiff,.TIFF,
Try typing  <return>  to proceed.
If that doesn't work, type  X <return>  to quit.


! LaTeX Error: There's no line here to end.

See the LaTeX manual or LaTeX Companion for explanation.
Type  H <return>  for immediate help.
 ...                                              
                                                  
l.70 \end{@twocolumnfalse}]
                           
Your command was ignored.
Type  I <command> <return>  to replace it with another command,
or  <return>  to continue without it.

LaTeX Font Info:    External font `cmex10' loaded for size
(Font)              <12> on input line 70.
LaTeX Font Info:    External font `cmex10' loaded for size
(Font)              <8> on input line 70.
LaTeX Font Info:    External font `cmex10' loaded for size
(Font)              <6> on input line 70.
.................................................
. fontspec info: "defining-font"
. 
. Font family 'LiberationMono(1)' created for font 'Liberation Mono' with
. options [WordSpace={1,0,0},PunctuationSpace=WordSpace,Script=Cyrillic].
. 
. This font family consists of the following NFSS series/shapes:
. - 'normal' (m/n) with NFSS spec.: <->"Liberation
. Mono/OT:script=cyrl;language=DFLT;"
. - 'small caps'  (m/sc) with NFSS spec.: 
. and font adjustment code:
. \fontdimen 2\font =1\fontdimen 2\font \fontdimen 3\font =0\fontdimen 3\font
. \fontdimen 4\font =0\fontdimen 4\font \fontdimen 7\font =0\fontdimen 2\font
. - 'bold' (bx/n) with NFSS spec.: <->"Liberation
. Mono/B/OT:script=cyrl;language=DFLT;"
. - 'bold small caps'  (bx/sc) with NFSS spec.: 
. and font adjustment code:
. \fontdimen 2\font =1\fontdimen 2\font \fontdimen 3\font =0\fontdimen 3\font
. \fontdimen 4\font =0\fontdimen 4\font \fontdimen 7\font =0\fontdimen 2\font
. - 'italic' (m/it) with NFSS spec.: <->"Liberation
. Mono/I/OT:script=cyrl;language=DFLT;"
. - 'italic small caps'  (m/itsc) with NFSS spec.: 
. and font adjustment code:
. \fontdimen 2\font =1\fontdimen 2\font \fontdimen 3\font =0\fontdimen 3\font
. \fontdimen 4\font =0\fontdimen 4\font \fontdimen 7\font =0\fontdimen 2\font
. - 'bold italic' (bx/it) with NFSS spec.: <->"Liberation
. Mono/BI/OT:script=cyrl;language=DFLT;"
. - 'bold italic small caps'  (bx/itsc) with NFSS spec.: 
. and font adjustment code:
. \fontdimen 2\font =1\fontdimen 2\font \fontdimen 3\font =0\fontdimen 3\font
. \fontdimen 4\font =0\fontdimen 4\font \fontdimen 7\font =0\fontdimen 2\font 
.................................................

Underfull \hbox (badness 10000) in paragraph at lines 70--70
\EU1/Cambria(1)/bx/n/10 Ключові слова: \l_fontspec_font loss of sight\EU1/Cambr
ia(1)/m/n/10 , \l_fontspec_font trauma\EU1/Cambria(1)/m/n/10 , \l_fontspec_font
 nonpsychotic\EU1/Cambria(1)/m/n/10 , \l_fontspec_font mental disorders\EU1/Cam
bria(1)/m/n/10 , \l_fontspec_font asthenia\EU1/Cambria(1)/m/n/10 , \l_fontspec_
font anxiety\EU1/Cambria(1)/m/n/10 ,
 []


LaTeX Warning: Optional argument of \twocolumn too tall on page 1.


Underfull \vbox (badness 10000) has occurred while \output is active []



LaTeX Warning: Text page 1 contains only floats.


Underfull \vbox (badness 10000) has occurred while \output is active []


("C:\Program Files\MiKTeX 2.9\tex\generic\oberdiek\se-ascii-print.def"
File: se-ascii-print.def 2016/05/16 v1.11 stringenc: Printable ASCII characters

)
[1


]
Underfull \hbox (badness 7273) in paragraph at lines 72--101
[]\EU1/Cambria(1)/m/n/10 The visual analyzer is the main sensory channel
 []


Underfull \hbox (badness 3668) in paragraph at lines 72--101
\EU1/Cambria(1)/m/n/10 for humans that connects them with the environment.
 []


Underfull \hbox (badness 10000) in paragraph at lines 72--101
\EU1/Cambria(1)/m/n/10 And therefore, loss of sight, especially in adulthood,
 []


Underfull \hbox (badness 7907) in paragraph at lines 72--101
\EU1/Cambria(1)/m/n/10 is accompanied by emotional, motivational and social
 []


Underfull \hbox (badness 2189) in paragraph at lines 72--101
\EU1/Cambria(1)/m/n/10 and, often, the social status of the subject [[]]. In 90
%
 []


Underfull \hbox (badness 1264) in paragraph at lines 72--101
\EU1/Cambria(1)/m/n/10 of traumatic genesis, this process is further exacerbate
d
 []


Underfull \hbox (badness 1577) in paragraph at lines 72--101
\EU1/Cambria(1)/m/n/10 the state of mental health of a person [[]],[[]],[[]],[[
]],[[]].
 []


Underfull \hbox (badness 10000) in paragraph at lines 72--101
\EU1/Cambria(1)/m/n/10 The obvious relevance of the problem implies the
 []


Underfull \hbox (badness 3668) in paragraph at lines 72--101
\EU1/Cambria(1)/m/n/10 involvement of various approaches to its solution, and
 []


Underfull \hbox (badness 1983) in paragraph at lines 72--101
\EU1/Cambria(1)/m/n/10 diagnosis and treatment of these disorders, on the one
 []


Underfull \hbox (badness 2253) in paragraph at lines 102--103
\EU1/Cambria(1)/m/n/10 of the department of eye trauma, as well as the office
 []


Underfull \hbox (badness 3872) in paragraph at lines 102--103
\EU1/Cambria(1)/m/n/10 were conducted with the obligatory observance of the
 []


Underfull \hbox (badness 10000) in paragraph at lines 102--103
\EU1/Cambria(1)/m/n/10 principles of bioethics and deontology. The volunteer
 []


Underfull \hbox (badness 1342) in paragraph at lines 102--103
\EU1/Cambria(1)/m/n/10 after the ophthalmologic intervention and determination
 []


Underfull \hbox (badness 1067) in paragraph at lines 102--103
\EU1/Cambria(1)/m/n/10 200 Patients who, after a traumatic event that caused a
 []


Underfull \hbox (badness 2302) in paragraph at lines 102--103
\EU1/Cambria(1)/m/n/10 partial loss of sight, were diagnosed with nonpsychotic
 []


Underfull \hbox (badness 6658) in paragraph at lines 103--104
[]\EU1/Cambria(1)/m/n/10 Clinical-psychopathological research was conducted
 []


Underfull \hbox (badness 1009) in paragraph at lines 103--104
\EU1/Cambria(1)/m/n/10 ICD-10 diagnostic criteria. A subjective evaluation of t
he
 []


Underfull \hbox (badness 5446) in paragraph at lines 103--104
\EU1/Cambria(1)/m/n/10 available clinical and psychopathological manifestations

 []


Underfull \hbox (badness 7221) in paragraph at lines 103--104
\EU1/Cambria(1)/m/n/10 was carried out using the Beck depression inventory
 []


Underfull \hbox (badness 1152) in paragraph at lines 103--104
\EU1/Cambria(1)/m/n/10 [[]], diagnostic techniques for self-assessment of react
ive
 []


Underfull \hbox (badness 2165) in paragraph at lines 103--104
\EU1/Cambria(1)/m/n/10 (R) and personal (P) anxiety of Ch. D. Spielberger-Y. L.

 []


Underfull \hbox (badness 10000) in paragraph at lines 103--104
\EU1/Cambria(1)/m/n/10 Khanin [[]]. The analysis of objective manifestations
 []


Underfull \hbox (badness 3746) in paragraph at lines 103--104
\EU1/Cambria(1)/m/n/10 of psychopathological symptoms was carried out using
 []


Underfull \hbox (badness 4193) in paragraph at lines 103--104
\EU1/Cambria(1)/m/n/10 Hamilton’s clinical rating scales of depression (D) and
 []


Underfull \hbox (badness 10000) in paragraph at lines 103--104
\EU1/Cambria(1)/m/n/10 anxiety (A) HDRS and NARS [[]]. The nosological
 []


Underfull \hbox (badness 1845) in paragraph at lines 103--104
\EU1/Cambria(1)/m/n/10 structure of diagnosed NPD was represented by mental
 []


Underfull \hbox (badness 4832) in paragraph at lines 103--104
\EU1/Cambria(1)/m/n/10 (14.5%); Post-traumatic stress disorder F43.1 (11.5%),
 []


Underfull \hbox (badness 2781) in paragraph at lines 103--104
\EU1/Cambria(1)/m/n/10 adaptation disorder with mixed emotions and behavior
 []


Underfull \hbox (badness 10000) in paragraph at lines 104--105
[]\EU1/Cambria(1)/m/n/10 Two groups were formed to carry out
 []


Underfull \hbox (badness 2680) in paragraph at lines 104--105
\EU1/Cambria(1)/m/n/10 depressive and asthenic-hypochondriac syndromes were
 []


Underfull \hbox (badness 4492) in paragraph at lines 104--105
\EU1/Cambria(1)/m/n/10 identified. The anxiety group included patients with a
 []


Underfull \hbox (badness 10000) in paragraph at lines 104--105
\EU1/Cambria(1)/m/n/10 clinical prevalence of anxiety with anxiety-depressive,
 []


LaTeX Warning: File `https://e-medjournal.com/suppl/v2_1/tsira/fig1.png' not fo
und on input line 109.

! Unable to load picture or PDF file 'https://e-medjournal.com/suppl/v2_1/tsira
/fig1.png'.
<to be read again> 
                   }
l.109 ...medjournal.com/suppl/v2_1/tsira/fig1.png}
                                                  
The requested image couldn't be read because
it was not a recognized image format.


! Package graphics Error: Division by 0.

See the graphics package documentation for explanation.
Type  H <return>  for immediate help.
 ...                                              
                                                  
l.109 ...medjournal.com/suppl/v2_1/tsira/fig1.png}
                                                  
Your command was ignored.
Type  I <command> <return>  to replace it with another command,
or  <return>  to continue without it.

File: https://e-medjournal.com/suppl/v2_1/tsira/fig1.png Graphic file (type QTm
)
<use  "https://e-medjournal.com/suppl/v2_1/tsira/fig1.png" >
! Unable to load picture or PDF file 'https://e-medjournal.com/suppl/v2_1/tsira
/fig1.png'.
<to be read again> 
                   \GXT@clipend 
l.109 ...medjournal.com/suppl/v2_1/tsira/fig1.png}
                                                  
The requested image couldn't be read because
it was not a recognized image format.


Underfull \hbox (badness 3250) in paragraph at lines 105--112
[]\EU1/Cambria(1)/m/n/10 Electrophysiological studies were carried out using
 []


Underfull \hbox (badness 2753) in paragraph at lines 105--112
\EU1/Cambria(1)/m/n/10 potentials (ERP) was used of auditory modality. Which
 []


Underfull \hbox (badness 1264) in paragraph at lines 105--112
\EU1/Cambria(1)/m/n/10 the tested groups, that had a disruption of the function

 []


Underfull \hbox (badness 2582) in paragraph at lines 105--112
\EU1/Cambria(1)/m/n/10 with a series of stimuli in the pseudo-random (with a
 []


Underfull \hbox (badness 2884) in paragraph at lines 105--112
\EU1/Cambria(1)/m/n/10 was 2 seconds. The subject was instructed to react to
 []


Underfull \hbox (badness 4328) in paragraph at lines 105--112
\EU1/Cambria(1)/m/n/10 the appearance of a significant signal by pressing the
 []


Underfull \hbox (badness 1515) in paragraph at lines 105--112
\EU1/Cambria(1)/m/n/10 was pressed, registration of the induced brain electrica
l
 []


Underfull \hbox (badness 2573) in paragraph at lines 105--112
\EU1/Cambria(1)/m/n/10 a simple sensorimotor reaction. The registration of the
 []


Underfull \hbox (badness 1742) in paragraph at lines 105--112
\EU1/Cambria(1)/m/n/10 electroencephalographic electrodes located in the 10/20
 []


Underfull \hbox (badness 1688) in paragraph at lines 105--112
\EU1/Cambria(1)/m/n/10 as component N4. Statistical software package Statistica

 []


Underfull \vbox (badness 10000) has occurred while \output is active []

 [2]
Underfull \vbox (badness 10000) has occurred while \output is active []


Underfull \hbox (badness 2653) in paragraph at lines 113--113
[]\EU1/Cambria(1)/bx/n/12 The results of psychological testing in
 []


LaTeX Warning: File `https://e-medjournal.com/suppl/v2_1/tsira/fig2.png' not fo
und on input line 118.

! Unable to load picture or PDF file 'https://e-medjournal.com/suppl/v2_1/tsira
/fig2.png'.
<to be read again> 
                   }
l.118 ...medjournal.com/suppl/v2_1/tsira/fig2.png}
                                                  
The requested image couldn't be read because
it was not a recognized image format.


! Package graphics Error: Division by 0.

See the graphics package documentation for explanation.
Type  H <return>  for immediate help.
 ...                                              
                                                  
l.118 ...medjournal.com/suppl/v2_1/tsira/fig2.png}
                                                  
Your command was ignored.
Type  I <command> <return>  to replace it with another command,
or  <return>  to continue without it.

File: https://e-medjournal.com/suppl/v2_1/tsira/fig2.png Graphic file (type QTm
)
<use  "https://e-medjournal.com/suppl/v2_1/tsira/fig2.png" >
! Unable to load picture or PDF file 'https://e-medjournal.com/suppl/v2_1/tsira
/fig2.png'.
<to be read again> 
                   \GXT@clipend 
l.118 ...medjournal.com/suppl/v2_1/tsira/fig2.png}
                                                  
The requested image couldn't be read because
it was not a recognized image format.


Underfull \hbox (badness 10000) in paragraph at lines 119--119
\EU1/Cambria(1)/m/n/10 anxiety (PA), subjective assessment of depressive
 []


Underfull \hbox (badness 2573) in paragraph at lines 119--119
\EU1/Cambria(1)/m/n/10 are presented. * - differences with significance level o
f
 []

[3]
Underfull \hbox (badness 1168) in paragraph at lines 121--122
[]\EU1/Cambria(1)/m/n/10 The indices of psychological testing of asthenia and
 []


Underfull \hbox (badness 4543) in paragraph at lines 121--122
\EU1/Cambria(1)/m/n/10 anxiety groups showed significant exceeding values (U
 []


LaTeX Warning: File `https://e-medjournal.com/suppl/v2_1/tsira/fig3.png' not fo
und on input line 127.

! Unable to load picture or PDF file 'https://e-medjournal.com/suppl/v2_1/tsira
/fig3.png'.
<to be read again> 
                   }
l.127 ...medjournal.com/suppl/v2_1/tsira/fig3.png}
                                                  
The requested image couldn't be read because
it was not a recognized image format.


! Package graphics Error: Division by 0.

See the graphics package documentation for explanation.
Type  H <return>  for immediate help.
 ...                                              
                                                  
l.127 ...medjournal.com/suppl/v2_1/tsira/fig3.png}
                                                  
Your command was ignored.
Type  I <command> <return>  to replace it with another command,
or  <return>  to continue without it.

File: https://e-medjournal.com/suppl/v2_1/tsira/fig3.png Graphic file (type QTm
)
<use  "https://e-medjournal.com/suppl/v2_1/tsira/fig3.png" >
! Unable to load picture or PDF file 'https://e-medjournal.com/suppl/v2_1/tsira
/fig3.png'.
<to be read again> 
                   \GXT@clipend 
l.127 ...medjournal.com/suppl/v2_1/tsira/fig3.png}
                                                  
The requested image couldn't be read because
it was not a recognized image format.


Underfull \hbox (badness 2269) in paragraph at lines 123--130
[]\EU1/Cambria(1)/m/n/10 Comparative analysis of cognitive evoked potentials
 []


Underfull \hbox (badness 4927) in paragraph at lines 123--130
\EU1/Cambria(1)/m/n/10 in anxiety and asthenia groups revealed a number of
 []


! LaTeX Error: There's no line here to end.

See the LaTeX manual or LaTeX Companion for explanation.
Type  H <return>  for immediate help.
 ...                                              
                                                  
l.134 \\
        
Your command was ignored.
Type  I <command> <return>  to replace it with another command,
or  <return>  to continue without it.


Underfull \hbox (badness 10000) in paragraph at lines 138--138
[]\EU1/Cambria(1)/bx/n/12 ERP in asthenia and anxiety groups
 []


LaTeX Warning: File `https://e-medjournal.com/suppl/v2_1/tsira/fig4.png' not fo
und on input line 143.

! Unable to load picture or PDF file 'https://e-medjournal.com/suppl/v2_1/tsira
/fig4.png'.
<to be read again> 
                   }
l.143 ...medjournal.com/suppl/v2_1/tsira/fig4.png}
                                                  
The requested image couldn't be read because
it was not a recognized image format.


! Package graphics Error: Division by 0.

See the graphics package documentation for explanation.
Type  H <return>  for immediate help.
 ...                                              
                                                  
l.143 ...medjournal.com/suppl/v2_1/tsira/fig4.png}
                                                  
Your command was ignored.
Type  I <command> <return>  to replace it with another command,
or  <return>  to continue without it.

File: https://e-medjournal.com/suppl/v2_1/tsira/fig4.png Graphic file (type QTm
)
<use  "https://e-medjournal.com/suppl/v2_1/tsira/fig4.png" >
! Unable to load picture or PDF file 'https://e-medjournal.com/suppl/v2_1/tsira
/fig4.png'.
<to be read again> 
                   \GXT@clipend 
l.143 ...medjournal.com/suppl/v2_1/tsira/fig4.png}
                                                  
The requested image couldn't be read because
it was not a recognized image format.

[4]

LaTeX Warning: File `https://e-medjournal.com/suppl/v2_1/tsira/fig5.png' not fo
und on input line 150.

! Unable to load picture or PDF file 'https://e-medjournal.com/suppl/v2_1/tsira
/fig5.png'.
<to be read again> 
                   }
l.150 ...medjournal.com/suppl/v2_1/tsira/fig5.png}
                                                  
The requested image couldn't be read because
it was not a recognized image format.


! Package graphics Error: Division by 0.

See the graphics package documentation for explanation.
Type  H <return>  for immediate help.
 ...                                              
                                                  
l.150 ...medjournal.com/suppl/v2_1/tsira/fig5.png}
                                                  
Your command was ignored.
Type  I <command> <return>  to replace it with another command,
or  <return>  to continue without it.

File: https://e-medjournal.com/suppl/v2_1/tsira/fig5.png Graphic file (type QTm
)
<use  "https://e-medjournal.com/suppl/v2_1/tsira/fig5.png" >
! Unable to load picture or PDF file 'https://e-medjournal.com/suppl/v2_1/tsira
/fig5.png'.
<to be read again> 
                   \GXT@clipend 
l.150 ...medjournal.com/suppl/v2_1/tsira/fig5.png}
                                                  
The requested image couldn't be read because
it was not a recognized image format.


LaTeX Warning: File `https://e-medjournal.com/suppl/v2_1/tsira/fig6.png' not fo
und on input line 158.

! Unable to load picture or PDF file 'https://e-medjournal.com/suppl/v2_1/tsira
/fig6.png'.
<to be read again> 
                   }
l.158 ...medjournal.com/suppl/v2_1/tsira/fig6.png}
                                                  
The requested image couldn't be read because
it was not a recognized image format.


! Package graphics Error: Division by 0.

See the graphics package documentation for explanation.
Type  H <return>  for immediate help.
 ...                                              
                                                  
l.158 ...medjournal.com/suppl/v2_1/tsira/fig6.png}
                                                  
Your command was ignored.
Type  I <command> <return>  to replace it with another command,
or  <return>  to continue without it.

File: https://e-medjournal.com/suppl/v2_1/tsira/fig6.png Graphic file (type QTm
)
<use  "https://e-medjournal.com/suppl/v2_1/tsira/fig6.png" >
! Unable to load picture or PDF file 'https://e-medjournal.com/suppl/v2_1/tsira
/fig6.png'.
<to be read again> 
                   \GXT@clipend 
l.158 ...medjournal.com/suppl/v2_1/tsira/fig6.png}
                                                  
The requested image couldn't be read because
it was not a recognized image format.


Underfull \hbox (badness 10000) in paragraph at lines 162--163
[]\EU1/Cambria(1)/m/n/10 It should be noted that depressive and anxious
 []


Underfull \hbox (badness 5847) in paragraph at lines 162--163
\EU1/Cambria(1)/m/n/10 manifestations were detected not only in anxiety and
 []


Underfull \hbox (badness 10000) in paragraph at lines 162--163
\EU1/Cambria(1)/m/n/10 asthenia groups, formed as subgroups from the MG,
 []


Underfull \hbox (badness 1910) in paragraph at lines 162--163
\EU1/Cambria(1)/m/n/10 but also among the comparison group. However, in the
 []


Underfull \hbox (badness 4316) in paragraph at lines 162--163
\EU1/Cambria(1)/m/n/10 that did not constitute a significant clinical picture o
f
 []


Underfull \hbox (badness 2753) in paragraph at lines 162--163
\EU1/Cambria(1)/m/n/10 the mental disorder and had a low degree of severity,
 []


Underfull \hbox (badness 10000) in paragraph at lines 162--163
\EU1/Cambria(1)/m/n/10 objectively significant depressive manifestations were
 []


Underfull \hbox (badness 10000) in paragraph at lines 162--163
\EU1/Cambria(1)/m/n/10 characteristic, primarily of the cognitive-affective and

 []


Underfull \hbox (badness 2065) in paragraph at lines 162--163
\EU1/Cambria(1)/m/n/10 somatic spheres, as well as a high ”dynamically stable”
 []


Underfull \hbox (badness 10000) in paragraph at lines 162--163
\EU1/Cambria(1)/m/n/10 pathological anxiety with a negative drift of reactive
 []


Underfull \hbox (badness 1968) in paragraph at lines 162--163
\EU1/Cambria(1)/m/n/10 anxiety in the direction of increase, on the background
 []


Underfull \hbox (badness 3158) in paragraph at lines 162--163
\EU1/Cambria(1)/m/n/10 subjective assessment, the manifestations of depression
 []


Underfull \hbox (badness 4819) in paragraph at lines 162--163
\EU1/Cambria(1)/m/n/10 of heterogeneity of the MG was initially evaluated on
 []


Underfull \hbox (badness 10000) in paragraph at lines 162--163
\EU1/Cambria(1)/m/n/10 the basis of available clinical and psychopathological
 []


Underfull \hbox (badness 3895) in paragraph at lines 162--163
\EU1/Cambria(1)/m/n/10 Both groups showed statistically significant differences
,
 []

[5]
Underfull \hbox (badness 3536) in paragraph at lines 163--164
\EU1/Cambria(1)/m/n/10 in the nature of brain activity, which is manifested in
 []


Underfull \hbox (badness 5519) in paragraph at lines 163--164
\EU1/Cambria(1)/m/n/10 the indicators of the ERP. Thus, higher values of the
 []


Underfull \hbox (badness 10000) in paragraph at lines 163--164
\EU1/Cambria(1)/m/n/10 sensorimotor reaction time in the asthenia group in
 []


Underfull \hbox (badness 10000) in paragraph at lines 163--164
\EU1/Cambria(1)/m/n/10 with cholinergic [[]],[[]] nonspecific brain systems.
 []


Underfull \hbox (badness 2856) in paragraph at lines 164--165
[]\EU1/Cambria(1)/m/n/10 The P3N4 interval is formed by the two late ERP
 []


Underfull \hbox (badness 2689) in paragraph at lines 164--165
\EU1/Cambria(1)/m/n/10 P3 wave generators are localized in such structures of
 []


Underfull \hbox (badness 1742) in paragraph at lines 164--165
\EU1/Cambria(1)/m/n/10 the central nervous system as the hippocampus, frontal
 []


Underfull \hbox (badness 3536) in paragraph at lines 164--165
\EU1/Cambria(1)/m/n/10 and parietal parts of the cerebral cortex [[]], as well
 []


Underfull \hbox (badness 1194) in paragraph at lines 164--165
\EU1/Cambria(1)/m/n/10 as a number of subcortical structures and primarily the
 []


Underfull \hbox (badness 1527) in paragraph at lines 164--165
\EU1/Cambria(1)/m/n/10 of N4 refer to novelty detectors that are activated with

 []


Underfull \hbox (badness 2126) in paragraph at lines 164--165
\EU1/Cambria(1)/m/n/10 active, non-automatic recognition of deviations of audio

 []


Underfull \vbox (badness 10000) has occurred while \output is active []


Underfull \hbox (badness 1199) in paragraph at lines 166--167
[]\EU1/Cambria(1)/m/n/10 In the asthenia group this is the correctness of the
 []


Underfull \hbox (badness 2103) in paragraph at lines 166--167
\EU1/Cambria(1)/m/n/10 latency period P1, intervals P1N1 and N2P3, amplitude
 []


Underfull \hbox (badness 2762) in paragraph at lines 166--167
\EU1/Cambria(1)/m/n/10 N1P2 is associated with a conscious distinction of any
 []


Underfull \hbox (badness 3838) in paragraph at lines 166--167
\EU1/Cambria(1)/m/n/10 discrete changes in acoustic signals (tonality, loudness
,
 []


Underfull \hbox (badness 3168) in paragraph at lines 166--167
\EU1/Cambria(1)/m/n/10 of which enter the serotoninergic system of the brain,
 []


Underfull \hbox (badness 2020) in paragraph at lines 166--167
\EU1/Cambria(1)/m/n/10 modulating effects of the suture nuclei on the auditory
 []


Underfull \hbox (badness 2573) in paragraph at lines 166--167
\EU1/Cambria(1)/m/n/10 on healthy subjects, and in the phase of deep sleep it
 []


Underfull \hbox (badness 2285) in paragraph at lines 166--167
\EU1/Cambria(1)/m/n/10 that the activity of serotoninergic neurons of the seam
 []


Underfull \hbox (badness 2717) in paragraph at lines 166--167
\EU1/Cambria(1)/m/n/10 be interpreted as a compensatory mechanism of active
 []


Underfull \vbox (badness 10000) has occurred while \output is active []

 [6]
Underfull \hbox (badness 10000) in paragraph at lines 168--169
[]\EU1/Cambria(1)/m/n/10 In the anxiety group the most significant
 []


Underfull \hbox (badness 10000) in paragraph at lines 168--169
\EU1/Cambria(1)/m/n/10 neurophysiological markers were: the latency period
 []


Underfull \hbox (badness 1571) in paragraph at lines 168--169
\EU1/Cambria(1)/m/n/10 decrease in the effectiveness of early selective attenti
on
 []


Underfull \hbox (badness 4505) in paragraph at lines 168--169
\EU1/Cambria(1)/m/n/10 mechanisms that ensure the screening out of relevant
 []


Underfull \hbox (badness 10000) in paragraph at lines 168--169
\EU1/Cambria(1)/m/n/10 information and implemented largely by cholinergic
 []


Underfull \hbox (badness 5847) in paragraph at lines 168--169
\EU1/Cambria(1)/m/n/10 mediator systems. Despite this, the implementation of
 []


Underfull \hbox (badness 2189) in paragraph at lines 168--169
\EU1/Cambria(1)/m/n/10 level of the CG values, which ensured the activation of
 []


Underfull \hbox (badness 7851) in paragraph at lines 172--173
[]\EU1/Cambria(1)/m/n/10 Unique neurophysiologic markers of asthenia and
 []


Underfull \hbox (badness 10000) in paragraph at lines 174--175
[]\EU1/Cambria(1)/m/n/10 Possible neurophysiological mechanisms of the
 []


Underfull \hbox (badness 4686) in paragraph at lines 174--175
\EU1/Cambria(1)/m/n/10 revealed changes in the induced electrical activity
 []


Underfull \hbox (badness 1270) in paragraph at lines 181--182
[]\EU1/Cambria(1)/m/n/10 Blindness and High Suicide Risk? / T. J. Hine, N. J.
 []


Underfull \hbox (badness 10000) in paragraph at lines 184--185
[]\EU1/Cambria(1)/m/n/10 Rees G. Vision-Specific Distress and Depressive
 []


Underfull \hbox (badness 1142) in paragraph at lines 186--187
[]\EU1/Cambria(1)/m/n/10 Raygorodskiy D. Y. Prakticheskaya psihodiagnostika:
 []


Underfull \hbox (badness 10000) in paragraph at lines 188--189
[]\EU1/Cambria(1)/m/n/10 IFCN recommended standards for long latency
 []


Underfull \hbox (badness 10000) in paragraph at lines 188--189
\EU1/Cambria(1)/m/n/10 auditory event-related potentials / D. Goodin, J.
 []

[7]
Underfull \hbox (badness 10000) in paragraph at lines 189--190
[]\EU1/Cambria(1)/m/n/10 Polich J. P300, stimulus intensity, modality, and
 []


Underfull \hbox (badness 10000) in paragraph at lines 193--194
[]\EU1/Cambria(1)/m/n/10 Schnyer D. M. Attention-related
 []


Underfull \hbox (badness 10000) in paragraph at lines 193--194
\EU1/Cambria(1)/m/n/10 electroencephalographic and event-related
 []


Underfull \hbox (badness 1527) in paragraph at lines 193--194
\EU1/Cambria(1)/m/n/10 potential predictors of responsiveness to suggested
 []


Underfull \hbox (badness 10000) in paragraph at lines 194--195
[]\EU1/Cambria(1)/m/n/10 Midlatency auditory evoked responses: P1
 []


Underfull \hbox (badness 2772) in paragraph at lines 194--195
\EU1/Cambria(1)/m/n/10 and Clinical Neurophysiology. - 1992. - V. 84. - P.
 []


Underfull \hbox (badness 10000) in paragraph at lines 196--197
\EU1/Cambria(1)/m/n/10 auditory potential  may differentiate a brainstem
 []


Underfull \hbox (badness 4752) in paragraph at lines 197--198
[]\EU1/Cambria(1)/m/n/10 Midlatency auditory evoked responses: differential
 []


Underfull \hbox (badness 1496) in paragraph at lines 197--198
\EU1/Cambria(1)/m/n/10 effects of cholinergic agonist and antagonist / J. S.
 []


Underfull \hbox (badness 8019) in paragraph at lines 200--201
[]\EU1/Cambria(1)/m/n/10 Velasco M. Subcortical correlates of the somatic,
 []


Underfull \hbox (badness 10000) in paragraph at lines 201--202
[]\EU1/Cambria(1)/m/n/10 Polich J. P300 topography of amplitude/latency
 []


Underfull \hbox (badness 1028) in paragraph at lines 202--203
\EU1/Cambria(1)/m/n/10 change recorded directly from the human temporal
 []


Underfull \hbox (badness 1789) in paragraph at lines 203--204
[]\EU1/Cambria(1)/m/n/10 McCarthy G. Modulation of semantic processing by
 []


Underfull \hbox (badness 2846) in paragraph at lines 204--205
[]\EU1/Cambria(1)/m/n/10 Gnezditskiy V. V. Vyizvannyie potentsialyi mozga v
 []


Underfull \hbox (badness 1789) in paragraph at lines 206--207
[]\EU1/Cambria(1)/m/n/10 McCarthy G. Modulation of semantic processing by
 []


Underfull \hbox (badness 2237) in paragraph at lines 207--208
\EU1/Cambria(1)/m/n/10 children with severe language impairment: the N1
 []


Underfull \hbox (badness 1122) in paragraph at lines 209--210
[]\EU1/Cambria(1)/m/n/10 Juckel G. Auditory-evoked potentials as indicator of
 []

[8]
Underfull \hbox (badness 10000) in paragraph at lines 210--211
\EU1/Cambria(1)/m/n/10 sluhovyie vyizvannyie potentsialyi pri mono- i
 []


Underfull \hbox (badness 5970) in paragraph at lines 210--211
\EU1/Cambria(1)/m/n/10 po sluhovyim vyizvannyim potentsialam. - Tbilisi,
 []


Underfull \hbox (badness 2277) in paragraph at lines 211--212
[]\EU1/Cambria(1)/m/n/10 Arehole S. A preliminary study of the relationship
 []


Underfull \hbox (badness 3668) in paragraph at lines 212--213
[]\EU1/Cambria(1)/m/n/10 Potts G. F. Dense sensor array topography of the
 []


Underfull \hbox (badness 10000) in paragraph at lines 212--213
\EU1/Cambria(1)/m/n/10 event-related potential to task-relevant auditory
 []

[9

]
Underfull \hbox (badness 10000) in paragraph at lines 224--239
\EU1/Cambria(1)/bx/n/10 Keywords: \l_fontspec_font loss of sight\EU1/Cambria(1)
/m/n/10 , \l_fontspec_font trauma\EU1/Cambria(1)/m/n/10 , \l_fontspec_font nonp
sychotic\EU1/Cambria(1)/m/n/10 , \l_fontspec_font mental disorders\EU1/Cambria(
1)/m/n/10 , \l_fontspec_font asthenia\EU1/Cambria(1)/m/n/10 , \l_fontspec_font 
anxiety\EU1/Cambria(1)/m/n/10 ,
 []

Package atveryend Info: Empty hook `BeforeClearDocument' on input line 239.
[10

]
Package atveryend Info: Empty hook `AfterLastShipout' on input line 239.
 (cira_revised.aux)
Package atveryend Info: Empty hook `AtVeryEndDocument' on input line 239.
Package atveryend Info: Empty hook `AtEndAfterFileList' on input line 239.


LaTeX Font Warning: Some font shapes were not available, defaults substituted.

 ) 
Here is how much of TeX's memory you used:
 26425 strings out of 428410
 493356 string characters out of 3160659
 532333 words of memory out of 3000000
 29517 multiletter control sequences out of 15000+200000
 10671 words of font info for 86 fonts, out of 3000000 for 9000
 1328 hyphenation exceptions out of 8191
 54i,12n,92p,10419b,840s stack positions out of 5000i,500n,10000p,200000b,50000s

Output written on cira_revised.pdf (10 pages).
